# JRE version: OpenJDK Runtime Environment (17.0.9) (build 17.0.9+0--11185874)
# Java VM: OpenJDK 64-Bit Server VM (17.0.9+0--11185874, mixed mode, tiered, compressed oops, compressed class ptrs, g1 gc, windows-amd64)
GC Precious Log:
 CPUs: 4 total, 4 available
 Memory: 6019M
 Large Page Support: Disabled
 NUMA Support: Disabled
 Compressed Oops: Enabled (32-bit)
 Heap Region Size: 1M
 Heap Min Capacity: 8M
 Heap Initial Capacity: 96M
 Heap Max Capacity: 1506M
 Pre-touch: Disabled
 Parallel Workers: 4
 Concurrent Workers: 1
 Concurrent Refinement Workers: 4
 Periodic GC: Disabled
Heap:
 garbage-first heap   total 128000K, used 69281K [0x00000000a1e00000, 0x0000000100000000)
  region size 1024K, 1 young (1024K), 1 survivors (1024K)
 Metaspace       used 84957K, committed 85248K, reserved 1179648K
  class space    used 9607K, committed 9728K, reserved 1048576K
GC Heap History (20 events):
Event: 8.053 GC heap after
{Heap after GC invocations=26 (full 0):
 garbage-first heap   total 119808K, used 37230K [0x00000000a1e00000, 0x0000000100000000)
  region size 1024K, 2 young (2048K), 2 survivors (2048K)
 Metaspace       used 49891K, committed 50176K, reserved 1114112K
  class space    used 5999K, committed 6144K, reserved 1048576K
}
Event: 10.859 GC heap before
{Heap before GC invocations=27 (full 0):
 garbage-first heap   total 119808K, used 81262K [0x00000000a1e00000, 0x0000000100000000)
  region size 1024K, 45 young (46080K), 2 survivors (2048K)
 Metaspace       used 56005K, committed 56256K, reserved 1114112K
  class space    used 6583K, committed 6720K, reserved 1048576K
}
Event: 10.880 GC heap after
{Heap after GC invocations=28 (full 0):
 garbage-first heap   total 119808K, used 42642K [0x00000000a1e00000, 0x0000000100000000)
  region size 1024K, 6 young (6144K), 6 survivors (6144K)
 Metaspace       used 56005K, committed 56256K, reserved 1114112K
  class space    used 6583K, committed 6720K, reserved 1048576K
}
Event: 12.555 GC heap before
{Heap before GC invocations=28 (full 0):
 garbage-first heap   total 119808K, used 84626K [0x00000000a1e00000, 0x0000000100000000)
  region size 1024K, 47 young (48128K), 6 survivors (6144K)
 Metaspace       used 56784K, committed 57024K, reserved 1114112K
  class space    used 6635K, committed 6784K, reserved 1048576K
}
Event: 12.594 GC heap after
{Heap after GC invocations=29 (full 0):
 garbage-first heap   total 119808K, used 48659K [0x00000000a1e00000, 0x0000000100000000)
  region size 1024K, 6 young (6144K), 6 survivors (6144K)
 Metaspace       used 56784K, committed 57024K, reserved 1114112K
  class space    used 6635K, committed 6784K, reserved 1048576K
}
Event: 15.244 GC heap before
{Heap before GC invocations=29 (full 0):
 garbage-first heap   total 119808K, used 87571K [0x00000000a1e00000, 0x0000000100000000)
  region size 1024K, 44 young (45056K), 6 survivors (6144K)
 Metaspace       used 63828K, committed 64128K, reserved 1114112K
  class space    used 7547K, committed 7680K, reserved 1048576K
}
Event: 15.275 GC heap after
{Heap after GC invocations=30 (full 0):
 garbage-first heap   total 119808K, used 54388K [0x00000000a1e00000, 0x0000000100000000)
  region size 1024K, 6 young (6144K), 6 survivors (6144K)
 Metaspace       used 63828K, committed 64128K, reserved 1114112K
  class space    used 7547K, committed 7680K, reserved 1048576K
}
Event: 17.944 GC heap before
{Heap before GC invocations=30 (full 0):
 garbage-first heap   total 119808K, used 90228K [0x00000000a1e00000, 0x0000000100000000)
  region size 1024K, 41 young (41984K), 6 survivors (6144K)
 Metaspace       used 68318K, committed 68608K, reserved 1114112K
  class space    used 7921K, committed 8064K, reserved 1048576K
}
Event: 17.972 GC heap after
{Heap after GC invocations=31 (full 0):
 garbage-first heap   total 119808K, used 58549K [0x00000000a1e00000, 0x0000000100000000)
  region size 1024K, 4 young (4096K), 4 survivors (4096K)
 Metaspace       used 68318K, committed 68608K, reserved 1114112K
  class space    used 7921K, committed 8064K, reserved 1048576K
}
Event: 19.528 GC heap before
{Heap before GC invocations=31 (full 0):
 garbage-first heap   total 119808K, used 92341K [0x00000000a1e00000, 0x0000000100000000)
  region size 1024K, 37 young (37888K), 4 survivors (4096K)
 Metaspace       used 73568K, committed 73856K, reserved 1114112K
  class space    used 8482K, committed 8640K, reserved 1048576K
}
Event: 19.558 GC heap after
{Heap after GC invocations=32 (full 0):
 garbage-first heap   total 119808K, used 62645K [0x00000000a1e00000, 0x0000000100000000)
  region size 1024K, 4 young (4096K), 4 survivors (4096K)
 Metaspace       used 73568K, committed 73856K, reserved 1114112K
  class space    used 8482K, committed 8640K, reserved 1048576K
}
Event: 21.021 GC heap before
{Heap before GC invocations=33 (full 0):
 garbage-first heap   total 119808K, used 94389K [0x00000000a1e00000, 0x0000000100000000)
  region size 1024K, 35 young (35840K), 4 survivors (4096K)
 Metaspace       used 79600K, committed 79872K, reserved 1179648K
  class space    used 9163K, committed 9280K, reserved 1048576K
}
Event: 21.044 GC heap after
{Heap after GC invocations=34 (full 0):
 garbage-first heap   total 119808K, used 66532K [0x00000000a1e00000, 0x0000000100000000)
  region size 1024K, 4 young (4096K), 4 survivors (4096K)
 Metaspace       used 79600K, committed 79872K, reserved 1179648K
  class space    used 9163K, committed 9280K, reserved 1048576K
}
Event: 21.056 GC heap before
{Heap before GC invocations=34 (full 0):
 garbage-first heap   total 119808K, used 67556K [0x00000000a1e00000, 0x0000000100000000)
  region size 1024K, 5 young (5120K), 4 survivors (4096K)
 Metaspace       used 79608K, committed 79872K, reserved 1179648K
  class space    used 9163K, committed 9280K, reserved 1048576K
}
Event: 21.089 GC heap after
{Heap after GC invocations=35 (full 0):
 garbage-first heap   total 119808K, used 66472K [0x00000000a1e00000, 0x0000000100000000)
  region size 1024K, 1 young (1024K), 1 survivors (1024K)
 Metaspace       used 79608K, committed 79872K, reserved 1179648K
  class space    used 9163K, committed 9280K, reserved 1048576K
}
Event: 21.961 GC heap before
{Heap before GC invocations=35 (full 0):
 garbage-first heap   total 119808K, used 94120K [0x00000000a1e00000, 0x0000000100000000)
  region size 1024K, 28 young (28672K), 1 survivors (1024K)
 Metaspace       used 80921K, committed 81280K, reserved 1179648K
  class space    used 9265K, committed 9408K, reserved 1048576K
}
Event: 21.973 GC heap after
{Heap after GC invocations=36 (full 0):
 garbage-first heap   total 119808K, used 68023K [0x00000000a1e00000, 0x0000000100000000)
  region size 1024K, 3 young (3072K), 3 survivors (3072K)
 Metaspace       used 80921K, committed 81280K, reserved 1179648K
  class space    used 9265K, committed 9408K, reserved 1048576K
}
Event: 22.818 GC heap before
{Heap before GC invocations=37 (full 0):
 garbage-first heap   total 128000K, used 94647K [0x00000000a1e00000, 0x0000000100000000)
  region size 1024K, 29 young (29696K), 3 survivors (3072K)
 Metaspace       used 84319K, committed 84672K, reserved 1179648K
  class space    used 9561K, committed 9728K, reserved 1048576K
}
Event: 22.829 GC heap after
{Heap after GC invocations=38 (full 0):
 garbage-first heap   total 128000K, used 69685K [0x00000000a1e00000, 0x0000000100000000)
  region size 1024K, 4 young (4096K), 4 survivors (4096K)
 Metaspace       used 84319K, committed 84672K, reserved 1179648K
  class space    used 9561K, committed 9728K, reserved 1048576K
}
Event: 22.894 GC heap before
{Heap before GC invocations=38 (full 0):
 garbage-first heap   total 128000K, used 71733K [0x00000000a1e00000, 0x0000000100000000)
  region size 1024K, 6 young (6144K), 4 survivors (4096K)
 Metaspace       used 84957K, committed 85248K, reserved 1179648K
  class space    used 9607K, committed 9728K, reserved 1048576K
}

